[debug] [2023-08-30T12:29:30.353Z] ----------------------------------------------------------------------
[debug] [2023-08-30T12:29:30.355Z] Command:       C:\Program Files\nodejs\node.exe C:\Program Files\nodejs\node_modules\firebase-tools\lib\bin\firebase.js serve --only functions,hosting
[debug] [2023-08-30T12:29:30.355Z] CLI Version:   10.0.0
[debug] [2023-08-30T12:29:30.356Z] Platform:      win32
[debug] [2023-08-30T12:29:30.356Z] Node Version:  v18.17.1
[debug] [2023-08-30T12:29:30.362Z] Time:          Wed Aug 30 2023 17:59:30 GMT+0530 (India Standard Time)
[debug] [2023-08-30T12:29:30.362Z] ----------------------------------------------------------------------
[debug] 
[debug] [2023-08-30T12:29:30.448Z] > command requires scopes: ["email","openid","https://www.googleapis.com/auth/cloudplatformprojects.readonly","https://www.googleapis.com/auth/firebase","https://www.googleapis.com/auth/cloud-platform"]
[debug] [2023-08-30T12:29:30.449Z] > authorizing via signed-in user (shilpachawla41@gmail.com)
[debug] [2023-08-30T12:29:30.449Z] [iam] checking project centricchatbot for permissions ["firebase.projects.get"]
[debug] [2023-08-30T12:29:30.453Z] > refreshing access token with scopes: ["email","https://www.googleapis.com/auth/cloud-platform","https://www.googleapis.com/auth/cloudplatformprojects.readonly","https://www.googleapis.com/auth/firebase","openid"]
[debug] [2023-08-30T12:29:30.453Z] >>> HTTP REQUEST POST https://www.googleapis.com/oauth2/v3/token  
 <request body omitted>
[debug] [2023-08-30T12:29:30.762Z] <<< HTTP RESPONSE 200 {"expires":"Mon, 01 Jan 1990 00:00:00 GMT","cache-control":"no-cache, no-store, max-age=0, must-revalidate","pragma":"no-cache","date":"Wed, 30 Aug 2023 12:29:30 GMT","content-type":"application/json; charset=utf-8","vary":"X-Origin, Referer, Origin,Accept-Encoding","server":"scaffolding on HTTPServer2","x-xss-protection":"0","x-frame-options":"SAMEORIGIN","x-content-type-options":"nosniff","alt-svc":"h3=\":443\"; ma=2592000,h3-29=\":443\"; ma=2592000","accept-ranges":"none","transfer-encoding":"chunked"}
[debug] [2023-08-30T12:29:30.791Z] >>> HTTP REQUEST POST https://cloudresourcemanager.googleapis.com/v1/projects/centricchatbot:testIamPermissions  
 {"permissions":["firebase.projects.get"]}
[debug] [2023-08-30T12:29:32.360Z] <<< HTTP RESPONSE 200 {"content-type":"application/json; charset=UTF-8","vary":"X-Origin, Referer, Origin,Accept-Encoding","date":"Wed, 30 Aug 2023 12:29:32 GMT","server":"ESF","cache-control":"private","x-xss-protection":"0","x-frame-options":"SAMEORIGIN","x-content-type-options":"nosniff","server-timing":"gfet4t7; dur=1456","alt-svc":"h3=\":443\"; ma=2592000,h3-29=\":443\"; ma=2592000","accept-ranges":"none","transfer-encoding":"chunked"}
[debug] [2023-08-30T12:29:32.362Z] > refreshing access token with scopes: []
[debug] [2023-08-30T12:29:32.362Z] >>> HTTP REQUEST POST https://www.googleapis.com/oauth2/v3/token  
 <request body omitted>
[debug] [2023-08-30T12:29:32.566Z] <<< HTTP RESPONSE 200 {"cache-control":"no-cache, no-store, max-age=0, must-revalidate","expires":"Mon, 01 Jan 1990 00:00:00 GMT","pragma":"no-cache","date":"Wed, 30 Aug 2023 12:29:32 GMT","content-type":"application/json; charset=utf-8","vary":"X-Origin, Referer, Origin,Accept-Encoding","server":"scaffolding on HTTPServer2","x-xss-protection":"0","x-frame-options":"SAMEORIGIN","x-content-type-options":"nosniff","alt-svc":"h3=\":443\"; ma=2592000,h3-29=\":443\"; ma=2592000","accept-ranges":"none","transfer-encoding":"chunked"}
[debug] [2023-08-30T12:29:32.595Z] >>> [apiv2][query] GET https://firebase.googleapis.com/v1beta1/projects/centricchatbot [none]
[debug] [2023-08-30T12:29:33.051Z] <<< [apiv2][status] GET https://firebase.googleapis.com/v1beta1/projects/centricchatbot 200
[debug] [2023-08-30T12:29:33.051Z] <<< [apiv2][body] GET https://firebase.googleapis.com/v1beta1/projects/centricchatbot {"projectId":"centricchatbot","projectNumber":"298473388901","displayName":"CentricChatbot","name":"projects/centricchatbot","resources":{"hostingSite":"centricchatbot"},"state":"ACTIVE","etag":"1_cdb7e4e1-02d0-4d55-b081-16f93d787616"}
[debug] [2023-08-30T12:29:33.058Z] >>> [apiv2][query] GET https://firebasehosting.googleapis.com/v1beta1/projects/centricchatbot/sites 
[info] +  functions: Using node@18 from host. {"metadata":{"emulator":{"name":"functions"},"message":"Using node@18 from host."}}
[debug] [2023-08-30T12:29:33.071Z] defaultcredentials: writing to file C:\Users\Administrator\AppData\Roaming\firebase\shilpachawla41_gmail_com_application_default_credentials.json
[debug] [2023-08-30T12:29:33.074Z] Setting GAC to C:\Users\Administrator\AppData\Roaming\firebase\shilpachawla41_gmail_com_application_default_credentials.json {"metadata":{"emulator":{"name":"functions"},"message":"Setting GAC to C:\\Users\\Administrator\\AppData\\Roaming\\firebase\\shilpachawla41_gmail_com_application_default_credentials.json"}}
[debug] [2023-08-30T12:29:33.074Z] >>> [apiv2][query] GET https://firebase.googleapis.com/v1beta1/projects/centricchatbot/adminSdkConfig [none]
[debug] [2023-08-30T12:29:33.534Z] <<< [apiv2][status] GET https://firebase.googleapis.com/v1beta1/projects/centricchatbot/adminSdkConfig 200
[debug] [2023-08-30T12:29:33.534Z] <<< [apiv2][body] GET https://firebase.googleapis.com/v1beta1/projects/centricchatbot/adminSdkConfig {"projectId":"centricchatbot","storageBucket":"centricchatbot.appspot.com"}
[debug] [2023-08-30T12:29:34.618Z] <<< [apiv2][status] GET https://firebasehosting.googleapis.com/v1beta1/projects/centricchatbot/sites 200
[debug] [2023-08-30T12:29:34.618Z] <<< [apiv2][body] GET https://firebasehosting.googleapis.com/v1beta1/projects/centricchatbot/sites {"sites":[{"name":"projects/centricchatbot/sites/centric-chatbot","defaultUrl":"https://centric-chatbot.web.app","appId":"1:298473388901:web:68692297eda8acc53d3f8c","type":"USER_SITE"},{"name":"projects/centricchatbot/sites/centricchatbot","defaultUrl":"https://centricchatbot.web.app","type":"DEFAULT_SITE"}]}
[debug] [2023-08-30T12:29:34.619Z] >>> [apiv2][query] GET https://firebase.googleapis.com/v1beta1/projects/centricchatbot/webApps/-/config [none]
[debug] [2023-08-30T12:29:36.057Z] <<< [apiv2][status] GET https://firebase.googleapis.com/v1beta1/projects/centricchatbot/webApps/-/config 200
[debug] [2023-08-30T12:29:36.058Z] <<< [apiv2][body] GET https://firebase.googleapis.com/v1beta1/projects/centricchatbot/webApps/-/config {"projectId":"centricchatbot","appId":"1:298473388901:web:68692297eda8acc53d3f8c","storageBucket":"centricchatbot.appspot.com","apiKey":"AIzaSyAuzq9CDtQUiuBLR13D6NUAg8NR1S0mBd4","authDomain":"centricchatbot.firebaseapp.com","messagingSenderId":"298473388901","measurementId":"G-1JG3MSMG20"}
[info] i  functions: Watching "C:\Users\shilpa.chawla\Source\Repos\centricchatbotcra\FirebaseServer\functions" for Cloud Functions... {"metadata":{"emulator":{"name":"functions"},"message":"Watching \"C:\\Users\\shilpa.chawla\\Source\\Repos\\centricchatbotcra\\FirebaseServer\\functions\" for Cloud Functions..."}}
[debug] [2023-08-30T12:29:36.127Z] [worker-pool] addWorker(~diagnostic~) {"metadata":{"emulator":{"name":"functions"},"message":"[worker-pool] addWorker(~diagnostic~)"}}
[debug] [2023-08-30T12:29:36.127Z] [worker-pool] Adding worker with key ~diagnostic~, total=1 {"metadata":{"emulator":{"name":"functions"},"message":"[worker-pool] Adding worker with key ~diagnostic~, total=1"}}
[debug] [2023-08-30T12:29:36.128Z] [worker-pool] submitWork(triggerId=) {"metadata":{"emulator":{"name":"functions"},"message":"[worker-pool] submitWork(triggerId=)"}}
[debug] [2023-08-30T12:29:36.128Z] [worker-~diagnostic~-f9db052f-8df6-4342-a1bf-d0e1225ecf12]: Assigning socketPath: \\?\pipe\C:\Users\shilpa.chawla\Source\Repos\centricchatbotcra\FirebaseServer\functions\27620 {"metadata":{"emulator":{"name":"functions"},"message":"[worker-~diagnostic~-f9db052f-8df6-4342-a1bf-d0e1225ecf12]: Assigning socketPath: \\\\?\\pipe\\C:\\Users\\shilpa.chawla\\Source\\Repos\\centricchatbotcra\\FirebaseServer\\functions\\27620"}}
[debug] [2023-08-30T12:29:36.128Z] [worker-~diagnostic~-f9db052f-8df6-4342-a1bf-d0e1225ecf12]: BUSY {"metadata":{"emulator":{"name":"functions"},"message":"[worker-~diagnostic~-f9db052f-8df6-4342-a1bf-d0e1225ecf12]: BUSY"}}
[info] i  hosting: Serving hosting files from: public {"metadata":{"emulator":{"name":"hosting"},"message":"Serving hosting files from: \u001b[1mpublic\u001b[22m"}}
[info] +  hosting: Local server: http://localhost:5000 {"metadata":{"emulator":{"name":"hosting"},"message":"Local server: \u001b[4m\u001b[1mhttp://localhost:5000\u001b[22m\u001b[24m"}}
[debug] [2023-08-30T12:29:36.801Z] [runtime-status] [27620] Functions runtime initialized. {"cwd":"C:\\Users\\shilpa.chawla\\Source\\Repos\\centricchatbotcra\\FirebaseServer\\functions","node_version":"18.17.1"} {"metadata":{"emulator":{"name":"functions"},"message":"[runtime-status] [27620] Functions runtime initialized. {\"cwd\":\"C:\\\\Users\\\\shilpa.chawla\\\\Source\\\\Repos\\\\centricchatbotcra\\\\FirebaseServer\\\\functions\",\"node_version\":\"18.17.1\"}"}}
[debug] [2023-08-30T12:29:36.802Z] [runtime-status] [27620] Disabled runtime features: undefined {"metadata":{"emulator":{"name":"functions"},"message":"[runtime-status] [27620] Disabled runtime features: undefined"}}
[debug] [2023-08-30T12:29:36.812Z] [runtime-status] [27620] Resolved module firebase-admin {"declared":true,"installed":true,"version":"11.10.1","resolution":"C:\\Users\\shilpa.chawla\\Source\\Repos\\centricchatbotcra\\FirebaseServer\\functions\\node_modules\\firebase-admin\\lib\\index.js"} {"metadata":{"emulator":{"name":"functions"},"message":"[runtime-status] [27620] Resolved module firebase-admin {\"declared\":true,\"installed\":true,\"version\":\"11.10.1\",\"resolution\":\"C:\\\\Users\\\\shilpa.chawla\\\\Source\\\\Repos\\\\centricchatbotcra\\\\FirebaseServer\\\\functions\\\\node_modules\\\\firebase-admin\\\\lib\\\\index.js\"}"}}
[debug] [2023-08-30T12:29:36.819Z] [runtime-status] [27620] Resolved module firebase-functions {"declared":true,"installed":true,"version":"4.4.1","resolution":"C:\\Users\\shilpa.chawla\\Source\\Repos\\centricchatbotcra\\FirebaseServer\\functions\\node_modules\\firebase-functions\\lib\\v1\\index.js"} {"metadata":{"emulator":{"name":"functions"},"message":"[runtime-status] [27620] Resolved module firebase-functions {\"declared\":true,\"installed\":true,\"version\":\"4.4.1\",\"resolution\":\"C:\\\\Users\\\\shilpa.chawla\\\\Source\\\\Repos\\\\centricchatbotcra\\\\FirebaseServer\\\\functions\\\\node_modules\\\\firebase-functions\\\\lib\\\\v1\\\\index.js\"}"}}
[debug] [2023-08-30T12:29:36.821Z] [runtime-status] [27620] Outgoing network have been stubbed. [{"name":"http","status":"mocked"},{"name":"http","status":"mocked"},{"name":"https","status":"mocked"},{"name":"https","status":"mocked"},{"name":"net","status":"mocked"}] {"metadata":{"emulator":{"name":"functions"},"message":"[runtime-status] [27620] Outgoing network have been stubbed. [{\"name\":\"http\",\"status\":\"mocked\"},{\"name\":\"http\",\"status\":\"mocked\"},{\"name\":\"https\",\"status\":\"mocked\"},{\"name\":\"https\",\"status\":\"mocked\"},{\"name\":\"net\",\"status\":\"mocked\"}]"}}
[debug] [2023-08-30T12:29:36.825Z] [runtime-status] [27620] Resolved module firebase-functions {"declared":true,"installed":true,"version":"4.4.1","resolution":"C:\\Users\\shilpa.chawla\\Source\\Repos\\centricchatbotcra\\FirebaseServer\\functions\\node_modules\\firebase-functions\\lib\\v1\\index.js"} {"metadata":{"emulator":{"name":"functions"},"message":"[runtime-status] [27620] Resolved module firebase-functions {\"declared\":true,\"installed\":true,\"version\":\"4.4.1\",\"resolution\":\"C:\\\\Users\\\\shilpa.chawla\\\\Source\\\\Repos\\\\centricchatbotcra\\\\FirebaseServer\\\\functions\\\\node_modules\\\\firebase-functions\\\\lib\\\\v1\\\\index.js\"}"}}
[debug] [2023-08-30T12:29:39.015Z] [runtime-status] [27620] Checked functions.config() {"config":{}} {"metadata":{"emulator":{"name":"functions"},"message":"[runtime-status] [27620] Checked functions.config() {\"config\":{}}"}}
[debug] [2023-08-30T12:29:39.016Z] [runtime-status] [27620] firebase-functions has been stubbed. {"functionsResolution":{"declared":true,"installed":true,"version":"4.4.1","resolution":"C:\\Users\\shilpa.chawla\\Source\\Repos\\centricchatbotcra\\FirebaseServer\\functions\\node_modules\\firebase-functions\\lib\\v1\\index.js"}} {"metadata":{"emulator":{"name":"functions"},"message":"[runtime-status] [27620] firebase-functions has been stubbed. {\"functionsResolution\":{\"declared\":true,\"installed\":true,\"version\":\"4.4.1\",\"resolution\":\"C:\\\\Users\\\\shilpa.chawla\\\\Source\\\\Repos\\\\centricchatbotcra\\\\FirebaseServer\\\\functions\\\\node_modules\\\\firebase-functions\\\\lib\\\\v1\\\\index.js\"}}"}}
[debug] [2023-08-30T12:29:39.018Z] [runtime-status] [27620] Resolved module firebase-functions {"declared":true,"installed":true,"version":"4.4.1","resolution":"C:\\Users\\shilpa.chawla\\Source\\Repos\\centricchatbotcra\\FirebaseServer\\functions\\node_modules\\firebase-functions\\lib\\v1\\index.js"} {"metadata":{"emulator":{"name":"functions"},"message":"[runtime-status] [27620] Resolved module firebase-functions {\"declared\":true,\"installed\":true,\"version\":\"4.4.1\",\"resolution\":\"C:\\\\Users\\\\shilpa.chawla\\\\Source\\\\Repos\\\\centricchatbotcra\\\\FirebaseServer\\\\functions\\\\node_modules\\\\firebase-functions\\\\lib\\\\v1\\\\index.js\"}"}}
[debug] [2023-08-30T12:29:39.023Z] [runtime-status] [27620] Resolved module firebase-admin {"declared":true,"installed":true,"version":"11.10.1","resolution":"C:\\Users\\shilpa.chawla\\Source\\Repos\\centricchatbotcra\\FirebaseServer\\functions\\node_modules\\firebase-admin\\lib\\index.js"} {"metadata":{"emulator":{"name":"functions"},"message":"[runtime-status] [27620] Resolved module firebase-admin {\"declared\":true,\"installed\":true,\"version\":\"11.10.1\",\"resolution\":\"C:\\\\Users\\\\shilpa.chawla\\\\Source\\\\Repos\\\\centricchatbotcra\\\\FirebaseServer\\\\functions\\\\node_modules\\\\firebase-admin\\\\lib\\\\index.js\"}"}}
[debug] [2023-08-30T12:29:39.045Z] [runtime-status] [27620] Resolved module firebase-functions {"declared":true,"installed":true,"version":"4.4.1","resolution":"C:\\Users\\shilpa.chawla\\Source\\Repos\\centricchatbotcra\\FirebaseServer\\functions\\node_modules\\firebase-functions\\lib\\v1\\index.js"} {"metadata":{"emulator":{"name":"functions"},"message":"[runtime-status] [27620] Resolved module firebase-functions {\"declared\":true,\"installed\":true,\"version\":\"4.4.1\",\"resolution\":\"C:\\\\Users\\\\shilpa.chawla\\\\Source\\\\Repos\\\\centricchatbotcra\\\\FirebaseServer\\\\functions\\\\node_modules\\\\firebase-functions\\\\lib\\\\v1\\\\index.js\"}"}}
[debug] [2023-08-30T12:29:39.045Z] [runtime-status] [27620] firebase-admin has been stubbed. {"adminResolution":{"declared":true,"installed":true,"version":"11.10.1","resolution":"C:\\Users\\shilpa.chawla\\Source\\Repos\\centricchatbotcra\\FirebaseServer\\functions\\node_modules\\firebase-admin\\lib\\index.js"}} {"metadata":{"emulator":{"name":"functions"},"message":"[runtime-status] [27620] firebase-admin has been stubbed. {\"adminResolution\":{\"declared\":true,\"installed\":true,\"version\":\"11.10.1\",\"resolution\":\"C:\\\\Users\\\\shilpa.chawla\\\\Source\\\\Repos\\\\centricchatbotcra\\\\FirebaseServer\\\\functions\\\\node_modules\\\\firebase-admin\\\\lib\\\\index.js\"}}"}}
[warn] !  C:\Users\shilpa.chawla\Source\Repos\centricchatbotcra\FirebaseServer\functions\index.js:9
import express from "express";
^^^^^^

SyntaxError: Cannot use import statement outside a module
    at internalCompileFunction (node:internal/vm:73:18)
    at wrapSafe (node:internal/modules/cjs/loader:1178:20)
    at Module._compile (node:internal/modules/cjs/loader:1220:27)
    at Module._extensions..js (node:internal/modules/cjs/loader:1310:10)
    at Module.load (node:internal/modules/cjs/loader:1119:32)
    at Module._load (node:internal/modules/cjs/loader:960:12)
    at Module.require (node:internal/modules/cjs/loader:1143:19)
    at require (node:internal/modules/cjs/helpers:121:18)
    at initializeRuntime (C:\Users\Administrator\AppData\Roaming\nvm\v18.17.1\node_modules\firebase-tools\lib\emulator\functionsEmulatorRuntime.js:640:29)
    at process.processTicksAndRejections (node:internal/process/task_queues:95:5) {"metadata":{"emulator":{"name":"functions"},"message":"C:\\Users\\shilpa.chawla\\Source\\Repos\\centricchatbotcra\\FirebaseServer\\functions\\index.js:9\nimport express from \"express\";\n^^^^^^\n\nSyntaxError: Cannot use import statement outside a module\n    at internalCompileFunction (node:internal/vm:73:18)\n    at wrapSafe (node:internal/modules/cjs/loader:1178:20)\n    at Module._compile (node:internal/modules/cjs/loader:1220:27)\n    at Module._extensions..js (node:internal/modules/cjs/loader:1310:10)\n    at Module.load (node:internal/modules/cjs/loader:1119:32)\n    at Module._load (node:internal/modules/cjs/loader:960:12)\n    at Module.require (node:internal/modules/cjs/loader:1143:19)\n    at require (node:internal/modules/cjs/helpers:121:18)\n    at initializeRuntime (C:\\Users\\Administrator\\AppData\\Roaming\\nvm\\v18.17.1\\node_modules\\firebase-tools\\lib\\emulator\\functionsEmulatorRuntime.js:640:29)\n    at process.processTicksAndRejections (node:internal/process/task_queues:95:5)"}}
[warn] !  We were unable to load your functions code. (see above) {"metadata":{"emulator":{"name":"functions"}}}
[debug] [2023-08-30T12:29:39.100Z] [worker-~diagnostic~-f9db052f-8df6-4342-a1bf-d0e1225ecf12]: exited {"metadata":{"emulator":{"name":"functions"},"message":"[worker-~diagnostic~-f9db052f-8df6-4342-a1bf-d0e1225ecf12]: exited"}}
[debug] [2023-08-30T12:29:39.100Z] [worker-~diagnostic~-f9db052f-8df6-4342-a1bf-d0e1225ecf12]: FINISHED {"metadata":{"emulator":{"name":"functions"},"message":"[worker-~diagnostic~-f9db052f-8df6-4342-a1bf-d0e1225ecf12]: FINISHED"}}
[debug] [2023-08-30T12:30:14.995Z] File C:\Users\shilpa.chawla\Source\Repos\centricchatbotcra\FirebaseServer\functions\index.js changed, reloading triggers {"metadata":{"emulator":{"name":"functions"},"message":"File C:\\Users\\shilpa.chawla\\Source\\Repos\\centricchatbotcra\\FirebaseServer\\functions\\index.js changed, reloading triggers"}}
[debug] [2023-08-30T12:30:15.306Z] File C:\Users\shilpa.chawla\Source\Repos\centricchatbotcra\FirebaseServer\functions\index.js changed, reloading triggers {"metadata":{"emulator":{"name":"functions"},"message":"File C:\\Users\\shilpa.chawla\\Source\\Repos\\centricchatbotcra\\FirebaseServer\\functions\\index.js changed, reloading triggers"}}
[debug] [2023-08-30T12:30:16.308Z] [worker-pool] Cleaned up workers for ~diagnostic~: 1 --> 0 {"metadata":{"emulator":{"name":"functions"},"message":"[worker-pool] Cleaned up workers for ~diagnostic~: 1 --> 0"}}
[debug] [2023-08-30T12:30:16.342Z] [worker-pool] addWorker(~diagnostic~) {"metadata":{"emulator":{"name":"functions"},"message":"[worker-pool] addWorker(~diagnostic~)"}}
[debug] [2023-08-30T12:30:16.342Z] [worker-pool] Adding worker with key ~diagnostic~, total=1 {"metadata":{"emulator":{"name":"functions"},"message":"[worker-pool] Adding worker with key ~diagnostic~, total=1"}}
[debug] [2023-08-30T12:30:16.342Z] [worker-pool] submitWork(triggerId=) {"metadata":{"emulator":{"name":"functions"},"message":"[worker-pool] submitWork(triggerId=)"}}
[debug] [2023-08-30T12:30:16.342Z] [worker-~diagnostic~-a0ba83ea-5822-4d41-a2b3-5847583c433e]: Assigning socketPath: \\?\pipe\C:\Users\shilpa.chawla\Source\Repos\centricchatbotcra\FirebaseServer\functions\26856 {"metadata":{"emulator":{"name":"functions"},"message":"[worker-~diagnostic~-a0ba83ea-5822-4d41-a2b3-5847583c433e]: Assigning socketPath: \\\\?\\pipe\\C:\\Users\\shilpa.chawla\\Source\\Repos\\centricchatbotcra\\FirebaseServer\\functions\\26856"}}
[debug] [2023-08-30T12:30:16.342Z] [worker-~diagnostic~-a0ba83ea-5822-4d41-a2b3-5847583c433e]: BUSY {"metadata":{"emulator":{"name":"functions"},"message":"[worker-~diagnostic~-a0ba83ea-5822-4d41-a2b3-5847583c433e]: BUSY"}}
[debug] [2023-08-30T12:30:17.243Z] [runtime-status] [26856] Functions runtime initialized. {"cwd":"C:\\Users\\shilpa.chawla\\Source\\Repos\\centricchatbotcra\\FirebaseServer\\functions","node_version":"18.17.1"} {"metadata":{"emulator":{"name":"functions"},"message":"[runtime-status] [26856] Functions runtime initialized. {\"cwd\":\"C:\\\\Users\\\\shilpa.chawla\\\\Source\\\\Repos\\\\centricchatbotcra\\\\FirebaseServer\\\\functions\",\"node_version\":\"18.17.1\"}"}}
[debug] [2023-08-30T12:30:17.245Z] [runtime-status] [26856] Disabled runtime features: undefined {"metadata":{"emulator":{"name":"functions"},"message":"[runtime-status] [26856] Disabled runtime features: undefined"}}
[debug] [2023-08-30T12:30:17.276Z] [runtime-status] [26856] Resolved module firebase-admin {"declared":true,"installed":true,"version":"11.10.1","resolution":"C:\\Users\\shilpa.chawla\\Source\\Repos\\centricchatbotcra\\FirebaseServer\\functions\\node_modules\\firebase-admin\\lib\\index.js"} {"metadata":{"emulator":{"name":"functions"},"message":"[runtime-status] [26856] Resolved module firebase-admin {\"declared\":true,\"installed\":true,\"version\":\"11.10.1\",\"resolution\":\"C:\\\\Users\\\\shilpa.chawla\\\\Source\\\\Repos\\\\centricchatbotcra\\\\FirebaseServer\\\\functions\\\\node_modules\\\\firebase-admin\\\\lib\\\\index.js\"}"}}
[debug] [2023-08-30T12:30:17.293Z] [runtime-status] [26856] Resolved module firebase-functions {"declared":true,"installed":true,"version":"4.4.1","resolution":"C:\\Users\\shilpa.chawla\\Source\\Repos\\centricchatbotcra\\FirebaseServer\\functions\\node_modules\\firebase-functions\\lib\\v1\\index.js"} {"metadata":{"emulator":{"name":"functions"},"message":"[runtime-status] [26856] Resolved module firebase-functions {\"declared\":true,\"installed\":true,\"version\":\"4.4.1\",\"resolution\":\"C:\\\\Users\\\\shilpa.chawla\\\\Source\\\\Repos\\\\centricchatbotcra\\\\FirebaseServer\\\\functions\\\\node_modules\\\\firebase-functions\\\\lib\\\\v1\\\\index.js\"}"}}
[debug] [2023-08-30T12:30:17.297Z] [runtime-status] [26856] Outgoing network have been stubbed. [{"name":"http","status":"mocked"},{"name":"http","status":"mocked"},{"name":"https","status":"mocked"},{"name":"https","status":"mocked"},{"name":"net","status":"mocked"}] {"metadata":{"emulator":{"name":"functions"},"message":"[runtime-status] [26856] Outgoing network have been stubbed. [{\"name\":\"http\",\"status\":\"mocked\"},{\"name\":\"http\",\"status\":\"mocked\"},{\"name\":\"https\",\"status\":\"mocked\"},{\"name\":\"https\",\"status\":\"mocked\"},{\"name\":\"net\",\"status\":\"mocked\"}]"}}
[debug] [2023-08-30T12:30:17.305Z] [runtime-status] [26856] Resolved module firebase-functions {"declared":true,"installed":true,"version":"4.4.1","resolution":"C:\\Users\\shilpa.chawla\\Source\\Repos\\centricchatbotcra\\FirebaseServer\\functions\\node_modules\\firebase-functions\\lib\\v1\\index.js"} {"metadata":{"emulator":{"name":"functions"},"message":"[runtime-status] [26856] Resolved module firebase-functions {\"declared\":true,\"installed\":true,\"version\":\"4.4.1\",\"resolution\":\"C:\\\\Users\\\\shilpa.chawla\\\\Source\\\\Repos\\\\centricchatbotcra\\\\FirebaseServer\\\\functions\\\\node_modules\\\\firebase-functions\\\\lib\\\\v1\\\\index.js\"}"}}
[debug] [2023-08-30T12:30:18.772Z] [runtime-status] [26856] Checked functions.config() {"config":{}} {"metadata":{"emulator":{"name":"functions"},"message":"[runtime-status] [26856] Checked functions.config() {\"config\":{}}"}}
[debug] [2023-08-30T12:30:18.773Z] [runtime-status] [26856] firebase-functions has been stubbed. {"functionsResolution":{"declared":true,"installed":true,"version":"4.4.1","resolution":"C:\\Users\\shilpa.chawla\\Source\\Repos\\centricchatbotcra\\FirebaseServer\\functions\\node_modules\\firebase-functions\\lib\\v1\\index.js"}} {"metadata":{"emulator":{"name":"functions"},"message":"[runtime-status] [26856] firebase-functions has been stubbed. {\"functionsResolution\":{\"declared\":true,\"installed\":true,\"version\":\"4.4.1\",\"resolution\":\"C:\\\\Users\\\\shilpa.chawla\\\\Source\\\\Repos\\\\centricchatbotcra\\\\FirebaseServer\\\\functions\\\\node_modules\\\\firebase-functions\\\\lib\\\\v1\\\\index.js\"}}"}}
[debug] [2023-08-30T12:30:18.775Z] [runtime-status] [26856] Resolved module firebase-functions {"declared":true,"installed":true,"version":"4.4.1","resolution":"C:\\Users\\shilpa.chawla\\Source\\Repos\\centricchatbotcra\\FirebaseServer\\functions\\node_modules\\firebase-functions\\lib\\v1\\index.js"} {"metadata":{"emulator":{"name":"functions"},"message":"[runtime-status] [26856] Resolved module firebase-functions {\"declared\":true,\"installed\":true,\"version\":\"4.4.1\",\"resolution\":\"C:\\\\Users\\\\shilpa.chawla\\\\Source\\\\Repos\\\\centricchatbotcra\\\\FirebaseServer\\\\functions\\\\node_modules\\\\firebase-functions\\\\lib\\\\v1\\\\index.js\"}"}}
[debug] [2023-08-30T12:30:18.780Z] [runtime-status] [26856] Resolved module firebase-admin {"declared":true,"installed":true,"version":"11.10.1","resolution":"C:\\Users\\shilpa.chawla\\Source\\Repos\\centricchatbotcra\\FirebaseServer\\functions\\node_modules\\firebase-admin\\lib\\index.js"} {"metadata":{"emulator":{"name":"functions"},"message":"[runtime-status] [26856] Resolved module firebase-admin {\"declared\":true,\"installed\":true,\"version\":\"11.10.1\",\"resolution\":\"C:\\\\Users\\\\shilpa.chawla\\\\Source\\\\Repos\\\\centricchatbotcra\\\\FirebaseServer\\\\functions\\\\node_modules\\\\firebase-admin\\\\lib\\\\index.js\"}"}}
[debug] [2023-08-30T12:30:18.790Z] [runtime-status] [26856] Resolved module firebase-functions {"declared":true,"installed":true,"version":"4.4.1","resolution":"C:\\Users\\shilpa.chawla\\Source\\Repos\\centricchatbotcra\\FirebaseServer\\functions\\node_modules\\firebase-functions\\lib\\v1\\index.js"} {"metadata":{"emulator":{"name":"functions"},"message":"[runtime-status] [26856] Resolved module firebase-functions {\"declared\":true,\"installed\":true,\"version\":\"4.4.1\",\"resolution\":\"C:\\\\Users\\\\shilpa.chawla\\\\Source\\\\Repos\\\\centricchatbotcra\\\\FirebaseServer\\\\functions\\\\node_modules\\\\firebase-functions\\\\lib\\\\v1\\\\index.js\"}"}}
[debug] [2023-08-30T12:30:18.791Z] [runtime-status] [26856] firebase-admin has been stubbed. {"adminResolution":{"declared":true,"installed":true,"version":"11.10.1","resolution":"C:\\Users\\shilpa.chawla\\Source\\Repos\\centricchatbotcra\\FirebaseServer\\functions\\node_modules\\firebase-admin\\lib\\index.js"}} {"metadata":{"emulator":{"name":"functions"},"message":"[runtime-status] [26856] firebase-admin has been stubbed. {\"adminResolution\":{\"declared\":true,\"installed\":true,\"version\":\"11.10.1\",\"resolution\":\"C:\\\\Users\\\\shilpa.chawla\\\\Source\\\\Repos\\\\centricchatbotcra\\\\FirebaseServer\\\\functions\\\\node_modules\\\\firebase-admin\\\\lib\\\\index.js\"}}"}}
[warn] !  C:\Users\shilpa.chawla\Source\Repos\centricchatbotcra\FirebaseServer\functions\index.js:1
import express from "express";
^^^^^^

SyntaxError: Cannot use import statement outside a module
    at internalCompileFunction (node:internal/vm:73:18)
    at wrapSafe (node:internal/modules/cjs/loader:1178:20)
    at Module._compile (node:internal/modules/cjs/loader:1220:27)
    at Module._extensions..js (node:internal/modules/cjs/loader:1310:10)
    at Module.load (node:internal/modules/cjs/loader:1119:32)
    at Module._load (node:internal/modules/cjs/loader:960:12)
    at Module.require (node:internal/modules/cjs/loader:1143:19)
    at require (node:internal/modules/cjs/helpers:121:18)
    at initializeRuntime (C:\Users\Administrator\AppData\Roaming\nvm\v18.17.1\node_modules\firebase-tools\lib\emulator\functionsEmulatorRuntime.js:640:29)
    at process.processTicksAndRejections (node:internal/process/task_queues:95:5) {"metadata":{"emulator":{"name":"functions"},"message":"C:\\Users\\shilpa.chawla\\Source\\Repos\\centricchatbotcra\\FirebaseServer\\functions\\index.js:1\nimport express from \"express\";\n^^^^^^\n\nSyntaxError: Cannot use import statement outside a module\n    at internalCompileFunction (node:internal/vm:73:18)\n    at wrapSafe (node:internal/modules/cjs/loader:1178:20)\n    at Module._compile (node:internal/modules/cjs/loader:1220:27)\n    at Module._extensions..js (node:internal/modules/cjs/loader:1310:10)\n    at Module.load (node:internal/modules/cjs/loader:1119:32)\n    at Module._load (node:internal/modules/cjs/loader:960:12)\n    at Module.require (node:internal/modules/cjs/loader:1143:19)\n    at require (node:internal/modules/cjs/helpers:121:18)\n    at initializeRuntime (C:\\Users\\Administrator\\AppData\\Roaming\\nvm\\v18.17.1\\node_modules\\firebase-tools\\lib\\emulator\\functionsEmulatorRuntime.js:640:29)\n    at process.processTicksAndRejections (node:internal/process/task_queues:95:5)"}}
[warn] !  We were unable to load your functions code. (see above) {"metadata":{"emulator":{"name":"functions"}}}
[debug] [2023-08-30T12:30:18.849Z] [worker-~diagnostic~-a0ba83ea-5822-4d41-a2b3-5847583c433e]: exited {"metadata":{"emulator":{"name":"functions"},"message":"[worker-~diagnostic~-a0ba83ea-5822-4d41-a2b3-5847583c433e]: exited"}}
[debug] [2023-08-30T12:30:18.850Z] [worker-~diagnostic~-a0ba83ea-5822-4d41-a2b3-5847583c433e]: FINISHED {"metadata":{"emulator":{"name":"functions"},"message":"[worker-~diagnostic~-a0ba83ea-5822-4d41-a2b3-5847583c433e]: FINISHED"}}
[debug] [2023-08-30T12:31:51.063Z] File C:\Users\shilpa.chawla\Source\Repos\centricchatbotcra\FirebaseServer\functions\index.js changed, reloading triggers {"metadata":{"emulator":{"name":"functions"},"message":"File C:\\Users\\shilpa.chawla\\Source\\Repos\\centricchatbotcra\\FirebaseServer\\functions\\index.js changed, reloading triggers"}}
[debug] [2023-08-30T12:31:52.198Z] [worker-pool] Cleaned up workers for ~diagnostic~: 1 --> 0 {"metadata":{"emulator":{"name":"functions"},"message":"[worker-pool] Cleaned up workers for ~diagnostic~: 1 --> 0"}}
[debug] [2023-08-30T12:31:52.411Z] [worker-pool] addWorker(~diagnostic~) {"metadata":{"emulator":{"name":"functions"},"message":"[worker-pool] addWorker(~diagnostic~)"}}
[debug] [2023-08-30T12:31:52.411Z] [worker-pool] Adding worker with key ~diagnostic~, total=1 {"metadata":{"emulator":{"name":"functions"},"message":"[worker-pool] Adding worker with key ~diagnostic~, total=1"}}
[debug] [2023-08-30T12:31:52.411Z] [worker-pool] submitWork(triggerId=) {"metadata":{"emulator":{"name":"functions"},"message":"[worker-pool] submitWork(triggerId=)"}}
[debug] [2023-08-30T12:31:52.413Z] [worker-~diagnostic~-7c57d9f8-8553-4230-9ae2-c7caaf7a6891]: Assigning socketPath: \\?\pipe\C:\Users\shilpa.chawla\Source\Repos\centricchatbotcra\FirebaseServer\functions\2872 {"metadata":{"emulator":{"name":"functions"},"message":"[worker-~diagnostic~-7c57d9f8-8553-4230-9ae2-c7caaf7a6891]: Assigning socketPath: \\\\?\\pipe\\C:\\Users\\shilpa.chawla\\Source\\Repos\\centricchatbotcra\\FirebaseServer\\functions\\2872"}}
[debug] [2023-08-30T12:31:52.413Z] [worker-~diagnostic~-7c57d9f8-8553-4230-9ae2-c7caaf7a6891]: BUSY {"metadata":{"emulator":{"name":"functions"},"message":"[worker-~diagnostic~-7c57d9f8-8553-4230-9ae2-c7caaf7a6891]: BUSY"}}
[debug] [2023-08-30T12:31:54.008Z] [runtime-status] [2872] Functions runtime initialized. {"cwd":"C:\\Users\\shilpa.chawla\\Source\\Repos\\centricchatbotcra\\FirebaseServer\\functions","node_version":"18.17.1"} {"metadata":{"emulator":{"name":"functions"},"message":"[runtime-status] [2872] Functions runtime initialized. {\"cwd\":\"C:\\\\Users\\\\shilpa.chawla\\\\Source\\\\Repos\\\\centricchatbotcra\\\\FirebaseServer\\\\functions\",\"node_version\":\"18.17.1\"}"}}
[debug] [2023-08-30T12:31:54.014Z] [runtime-status] [2872] Disabled runtime features: undefined {"metadata":{"emulator":{"name":"functions"},"message":"[runtime-status] [2872] Disabled runtime features: undefined"}}
[debug] [2023-08-30T12:31:54.034Z] [runtime-status] [2872] Resolved module firebase-admin {"declared":true,"installed":true,"version":"11.10.1","resolution":"C:\\Users\\shilpa.chawla\\Source\\Repos\\centricchatbotcra\\FirebaseServer\\functions\\node_modules\\firebase-admin\\lib\\index.js"} {"metadata":{"emulator":{"name":"functions"},"message":"[runtime-status] [2872] Resolved module firebase-admin {\"declared\":true,\"installed\":true,\"version\":\"11.10.1\",\"resolution\":\"C:\\\\Users\\\\shilpa.chawla\\\\Source\\\\Repos\\\\centricchatbotcra\\\\FirebaseServer\\\\functions\\\\node_modules\\\\firebase-admin\\\\lib\\\\index.js\"}"}}
[debug] [2023-08-30T12:31:54.046Z] [runtime-status] [2872] Resolved module firebase-functions {"declared":true,"installed":true,"version":"4.4.1","resolution":"C:\\Users\\shilpa.chawla\\Source\\Repos\\centricchatbotcra\\FirebaseServer\\functions\\node_modules\\firebase-functions\\lib\\v1\\index.js"} {"metadata":{"emulator":{"name":"functions"},"message":"[runtime-status] [2872] Resolved module firebase-functions {\"declared\":true,\"installed\":true,\"version\":\"4.4.1\",\"resolution\":\"C:\\\\Users\\\\shilpa.chawla\\\\Source\\\\Repos\\\\centricchatbotcra\\\\FirebaseServer\\\\functions\\\\node_modules\\\\firebase-functions\\\\lib\\\\v1\\\\index.js\"}"}}
[debug] [2023-08-30T12:31:54.051Z] [runtime-status] [2872] Outgoing network have been stubbed. [{"name":"http","status":"mocked"},{"name":"http","status":"mocked"},{"name":"https","status":"mocked"},{"name":"https","status":"mocked"},{"name":"net","status":"mocked"}] {"metadata":{"emulator":{"name":"functions"},"message":"[runtime-status] [2872] Outgoing network have been stubbed. [{\"name\":\"http\",\"status\":\"mocked\"},{\"name\":\"http\",\"status\":\"mocked\"},{\"name\":\"https\",\"status\":\"mocked\"},{\"name\":\"https\",\"status\":\"mocked\"},{\"name\":\"net\",\"status\":\"mocked\"}]"}}
[debug] [2023-08-30T12:31:54.056Z] [runtime-status] [2872] Resolved module firebase-functions {"declared":true,"installed":true,"version":"4.4.1","resolution":"C:\\Users\\shilpa.chawla\\Source\\Repos\\centricchatbotcra\\FirebaseServer\\functions\\node_modules\\firebase-functions\\lib\\v1\\index.js"} {"metadata":{"emulator":{"name":"functions"},"message":"[runtime-status] [2872] Resolved module firebase-functions {\"declared\":true,\"installed\":true,\"version\":\"4.4.1\",\"resolution\":\"C:\\\\Users\\\\shilpa.chawla\\\\Source\\\\Repos\\\\centricchatbotcra\\\\FirebaseServer\\\\functions\\\\node_modules\\\\firebase-functions\\\\lib\\\\v1\\\\index.js\"}"}}
[debug] [2023-08-30T12:31:56.054Z] [runtime-status] [2872] Checked functions.config() {"config":{}} {"metadata":{"emulator":{"name":"functions"},"message":"[runtime-status] [2872] Checked functions.config() {\"config\":{}}"}}
[debug] [2023-08-30T12:31:56.054Z] [runtime-status] [2872] firebase-functions has been stubbed. {"functionsResolution":{"declared":true,"installed":true,"version":"4.4.1","resolution":"C:\\Users\\shilpa.chawla\\Source\\Repos\\centricchatbotcra\\FirebaseServer\\functions\\node_modules\\firebase-functions\\lib\\v1\\index.js"}} {"metadata":{"emulator":{"name":"functions"},"message":"[runtime-status] [2872] firebase-functions has been stubbed. {\"functionsResolution\":{\"declared\":true,\"installed\":true,\"version\":\"4.4.1\",\"resolution\":\"C:\\\\Users\\\\shilpa.chawla\\\\Source\\\\Repos\\\\centricchatbotcra\\\\FirebaseServer\\\\functions\\\\node_modules\\\\firebase-functions\\\\lib\\\\v1\\\\index.js\"}}"}}
[debug] [2023-08-30T12:31:56.063Z] [runtime-status] [2872] Resolved module firebase-functions {"declared":true,"installed":true,"version":"4.4.1","resolution":"C:\\Users\\shilpa.chawla\\Source\\Repos\\centricchatbotcra\\FirebaseServer\\functions\\node_modules\\firebase-functions\\lib\\v1\\index.js"} {"metadata":{"emulator":{"name":"functions"},"message":"[runtime-status] [2872] Resolved module firebase-functions {\"declared\":true,\"installed\":true,\"version\":\"4.4.1\",\"resolution\":\"C:\\\\Users\\\\shilpa.chawla\\\\Source\\\\Repos\\\\centricchatbotcra\\\\FirebaseServer\\\\functions\\\\node_modules\\\\firebase-functions\\\\lib\\\\v1\\\\index.js\"}"}}
[debug] [2023-08-30T12:31:56.072Z] [runtime-status] [2872] Resolved module firebase-admin {"declared":true,"installed":true,"version":"11.10.1","resolution":"C:\\Users\\shilpa.chawla\\Source\\Repos\\centricchatbotcra\\FirebaseServer\\functions\\node_modules\\firebase-admin\\lib\\index.js"} {"metadata":{"emulator":{"name":"functions"},"message":"[runtime-status] [2872] Resolved module firebase-admin {\"declared\":true,\"installed\":true,\"version\":\"11.10.1\",\"resolution\":\"C:\\\\Users\\\\shilpa.chawla\\\\Source\\\\Repos\\\\centricchatbotcra\\\\FirebaseServer\\\\functions\\\\node_modules\\\\firebase-admin\\\\lib\\\\index.js\"}"}}
[debug] [2023-08-30T12:31:56.095Z] [runtime-status] [2872] Resolved module firebase-functions {"declared":true,"installed":true,"version":"4.4.1","resolution":"C:\\Users\\shilpa.chawla\\Source\\Repos\\centricchatbotcra\\FirebaseServer\\functions\\node_modules\\firebase-functions\\lib\\v1\\index.js"} {"metadata":{"emulator":{"name":"functions"},"message":"[runtime-status] [2872] Resolved module firebase-functions {\"declared\":true,\"installed\":true,\"version\":\"4.4.1\",\"resolution\":\"C:\\\\Users\\\\shilpa.chawla\\\\Source\\\\Repos\\\\centricchatbotcra\\\\FirebaseServer\\\\functions\\\\node_modules\\\\firebase-functions\\\\lib\\\\v1\\\\index.js\"}"}}
[debug] [2023-08-30T12:31:56.095Z] [runtime-status] [2872] firebase-admin has been stubbed. {"adminResolution":{"declared":true,"installed":true,"version":"11.10.1","resolution":"C:\\Users\\shilpa.chawla\\Source\\Repos\\centricchatbotcra\\FirebaseServer\\functions\\node_modules\\firebase-admin\\lib\\index.js"}} {"metadata":{"emulator":{"name":"functions"},"message":"[runtime-status] [2872] firebase-admin has been stubbed. {\"adminResolution\":{\"declared\":true,\"installed\":true,\"version\":\"11.10.1\",\"resolution\":\"C:\\\\Users\\\\shilpa.chawla\\\\Source\\\\Repos\\\\centricchatbotcra\\\\FirebaseServer\\\\functions\\\\node_modules\\\\firebase-admin\\\\lib\\\\index.js\"}}"}}
[info] +  functions[us-central1-app]: http function initialized (http://localhost:5001/centricchatbot/us-central1/app). {"metadata":{"emulator":{"name":"functions"},"message":"\u001b[1mhttp\u001b[22m function initialized (http://localhost:5001/centricchatbot/us-central1/app)."}}
[debug] [2023-08-30T12:31:57.195Z] [worker-~diagnostic~-7c57d9f8-8553-4230-9ae2-c7caaf7a6891]: IDLE {"metadata":{"emulator":{"name":"functions"},"message":"[worker-~diagnostic~-7c57d9f8-8553-4230-9ae2-c7caaf7a6891]: IDLE"}}
